<?xml version="1.0" encoding="UTF-8"?>
<!-- Generated by org.testng.reporters.JUnitXMLReporter -->
<testsuite hostname="DESKTOP-CEOG73M" ignored="0" name="BankingApp Test" tests="2" failures="0" timestamp="18 Nov 2021 06:55:55 GMT" time="129.006" errors="0">
  <testcase name="loginTest" time="6.384" classname="com.inetbanking.testCases.TC_LoginTest_001"/>
  <testcase name="addNewCustomer" time="22.988" classname="com.inetbanking.testCases.TC_AddCustomer_003"/>
</testsuite> <!-- BankingApp Test -->
