<?xml version="1.0" encoding="UTF-8"?>
<!-- Generated by org.testng.reporters.JUnitXMLReporter -->
<testsuite hostname="DESKTOP-CEOG73M" ignored="0" name="BankingApp Test" tests="2" failures="0" timestamp="24 Nov 2021 05:51:34 GMT" time="72.923" errors="0">
  <testcase name="addNewCustomer" time="19.134" classname="com.inetbanking.testCases.TC_AddCustomer_003"/>
  <testcase name="addAccount" time="9.229" classname="com.inetbanking.testCases.TC_AddAccount_005"/>
</testsuite> <!-- BankingApp Test -->
