<?xml version="1.0" encoding="UTF-8"?>
<!-- Generated by org.testng.reporters.JUnitXMLReporter -->
<testsuite hostname="DESKTOP-CEOG73M" ignored="0" name="BankingApp Test" tests="2" failures="0" timestamp="23 Nov 2021 06:25:38 GMT" time="97.526" errors="0">
  <testcase name="addNewCustomer" time="31.543" classname="com.inetbanking.testCases.TC_AddCustomer_003"/>
  <testcase name="editCustomer" time="18.295" classname="com.inetbanking.testCases.TC_EditCustomer_004"/>
</testsuite> <!-- BankingApp Test -->
