<?xml version="1.0" encoding="UTF-8"?>
<testng-results skipped="0" failed="0" ignored="0" total="1" passed="1">
  <reporter-output>
  </reporter-output>
  <suite name="InetBankingV1" duration-ms="81864" started-at="2021-11-19T06:06:48Z" finished-at="2021-11-19T06:08:10Z">
    <groups>
    </groups>
    <test name="BankingApp Test" duration-ms="81864" started-at="2021-11-19T06:06:48Z" finished-at="2021-11-19T06:08:10Z">
      <class name="com.inetbanking.testCases.TC_AddCustomer_003">
        <test-method status="PASS" signature="setup(java.lang.String)[pri:0, instance:com.inetbanking.testCases.TC_AddCustomer_003@3901d134]" name="setup" is-config="true" duration-ms="53859" started-at="2021-11-19T06:06:48Z" finished-at="2021-11-19T06:07:42Z">
          <params>
            <param index="0">
              <value>
                <![CDATA[chrome]]>
              </value>
            </param>
          </params>
          <reporter-output>
          </reporter-output>
        </test-method> <!-- setup -->
        <test-method status="PASS" signature="addNewCustomer()[pri:0, instance:com.inetbanking.testCases.TC_AddCustomer_003@3901d134]" name="addNewCustomer" duration-ms="25583" started-at="2021-11-19T06:07:42Z" finished-at="2021-11-19T06:08:08Z">
          <reporter-output>
          </reporter-output>
        </test-method> <!-- addNewCustomer -->
        <test-method status="PASS" signature="tearDown()[pri:0, instance:com.inetbanking.testCases.TC_AddCustomer_003@3901d134]" name="tearDown" is-config="true" duration-ms="1616" started-at="2021-11-19T06:08:08Z" finished-at="2021-11-19T06:08:10Z">
          <reporter-output>
          </reporter-output>
        </test-method> <!-- tearDown -->
      </class> <!-- com.inetbanking.testCases.TC_AddCustomer_003 -->
    </test> <!-- BankingApp Test -->
  </suite> <!-- InetBankingV1 -->
</testng-results>
