<?xml version="1.0" encoding="UTF-8"?>
<testsuite xmlns:xsi="http://www.w3.org/2001/XMLSchema-instance" xsi:noNamespaceSchemaLocation="https://maven.apache.org/surefire/maven-surefire-plugin/xsd/surefire-test-report-3.0.xsd" version="3.0" name="TestSuite" time="88.417" tests="1" errors="0" skipped="0" failures="0">
  <properties>
[...]
</properties>
  <testcase name="addNewCustomer" classname="com.inetbanking.testCases.TC_AddCustomer_003" time="25.689">
    <system-out><![CDATA[[TestNGContentHandler] [WARN] It is strongly recommended to add "<!DOCTYPE suite SYSTEM "http://testng.org/testng-1.0.dtd" >" at the top of your file, otherwise TestNG may fail or not work as expected.
[main] INFO  ebanking  - url is opened
[main] INFO  ebanking  - username entered
[main] INFO  ebanking  - password entered
[main] INFO  ebanking  - clicked on login button
[main] INFO  ebanking  - clicked on new customer
[main] INFO  ebanking  - custname is added
[main] INFO  ebanking  - gender is selected
[main] INFO  ebanking  - dob is added
[main] INFO  ebanking  - address is added
[main] INFO  ebanking  - city is added
[main] INFO  ebanking  - state is added
[main] INFO  ebanking  - pinno is added
[main] INFO  ebanking  - telephone no is added
[main] INFO  ebanking  - email id is added
[main] INFO  ebanking  - passord is added
[main] INFO  ebanking  - clicked on submit
[main] INFO  ebanking  - test passed
]]></system-out>
    <system-err><![CDATA[Starting ChromeDriver 95.0.4638.69 (6a1600ed572fedecd573b6c2b90a22fe6392a410-refs/branch-heads/4638@{#984}) on port 8253
Only local connections are allowed.
Please see https://chromedriver.chromium.org/security-considerations for suggestions on keeping ChromeDriver safe.
ChromeDriver was started successfully.
Nov 19, 2021 11:37:32 AM org.openqa.selenium.remote.ProtocolHandshake createSession
INFO: Detected dialect: W3C
]]></system-err>
  </testcase>
</testsuite>