<?xml version="1.0" encoding="UTF-8"?>
<testng-results skipped="0" failed="0" ignored="0" total="2" passed="2">
  <reporter-output>
  </reporter-output>
  <suite name="InetBankingV1" duration-ms="97526" started-at="2021-11-23T06:23:59Z" finished-at="2021-11-23T06:25:37Z">
    <groups>
    </groups>
    <test name="BankingApp Test" duration-ms="97526" started-at="2021-11-23T06:23:59Z" finished-at="2021-11-23T06:25:37Z">
      <class name="com.inetbanking.testCases.TC_EditCustomer_004">
        <test-method status="PASS" signature="setup(java.lang.String)[pri:0, instance:com.inetbanking.testCases.TC_EditCustomer_004@14d3bc22]" name="setup" is-config="true" duration-ms="40733" started-at="2021-11-23T06:24:00Z" finished-at="2021-11-23T06:24:40Z">
          <params>
            <param index="0">
              <value>
                <![CDATA[chrome]]>
              </value>
            </param>
          </params>
          <reporter-output>
          </reporter-output>
        </test-method> <!-- setup -->
        <test-method status="PASS" signature="addNewCustomer()[pri:0, instance:com.inetbanking.testCases.TC_EditCustomer_004@14d3bc22]" name="addNewCustomer" duration-ms="31543" started-at="2021-11-23T06:24:40Z" finished-at="2021-11-23T06:25:12Z">
          <reporter-output>
          </reporter-output>
        </test-method> <!-- addNewCustomer -->
        <test-method status="PASS" signature="editCustomer()[pri:0, instance:com.inetbanking.testCases.TC_EditCustomer_004@14d3bc22]" name="editCustomer" duration-ms="18295" started-at="2021-11-23T06:25:12Z" depends-on-methods="com.inetbanking.testCases.TC_AddCustomer_003.addNewCustomer" finished-at="2021-11-23T06:25:31Z">
          <reporter-output>
          </reporter-output>
        </test-method> <!-- editCustomer -->
        <test-method status="PASS" signature="tearDown()[pri:0, instance:com.inetbanking.testCases.TC_EditCustomer_004@14d3bc22]" name="tearDown" is-config="true" duration-ms="6190" started-at="2021-11-23T06:25:31Z" finished-at="2021-11-23T06:25:37Z">
          <reporter-output>
          </reporter-output>
        </test-method> <!-- tearDown -->
      </class> <!-- com.inetbanking.testCases.TC_EditCustomer_004 -->
    </test> <!-- BankingApp Test -->
  </suite> <!-- InetBankingV1 -->
</testng-results>
