<?xml version="1.0" encoding="UTF-8"?>
<testng-results skipped="0" failed="0" ignored="0" total="2" passed="2">
  <reporter-output>
  </reporter-output>
  <suite name="InetBankingV1" duration-ms="78497" started-at="2021-11-23T06:17:51Z" finished-at="2021-11-23T06:19:09Z">
    <groups>
    </groups>
    <test name="BankingApp Test" duration-ms="78497" started-at="2021-11-23T06:17:51Z" finished-at="2021-11-23T06:19:09Z">
      <class name="com.inetbanking.testCases.TC_EditCustomer_004">
        <test-method status="PASS" signature="setup(java.lang.String)[pri:0, instance:com.inetbanking.testCases.TC_EditCustomer_004@2f7c2f4f]" name="setup" is-config="true" duration-ms="37342" started-at="2021-11-23T06:17:51Z" finished-at="2021-11-23T06:18:29Z">
          <params>
            <param index="0">
              <value>
                <![CDATA[chrome]]>
              </value>
            </param>
          </params>
          <reporter-output>
          </reporter-output>
        </test-method> <!-- setup -->
        <test-method status="PASS" signature="addNewCustomer()[pri:0, instance:com.inetbanking.testCases.TC_EditCustomer_004@2f7c2f4f]" name="addNewCustomer" duration-ms="26822" started-at="2021-11-23T06:18:29Z" finished-at="2021-11-23T06:18:55Z">
          <reporter-output>
          </reporter-output>
        </test-method> <!-- addNewCustomer -->
        <test-method status="PASS" signature="editCustomer()[pri:0, instance:com.inetbanking.testCases.TC_EditCustomer_004@2f7c2f4f]" name="editCustomer" duration-ms="11569" started-at="2021-11-23T06:18:56Z" depends-on-methods="com.inetbanking.testCases.TC_AddCustomer_003.addNewCustomer" finished-at="2021-11-23T06:19:07Z">
          <reporter-output>
          </reporter-output>
        </test-method> <!-- editCustomer -->
        <test-method status="PASS" signature="tearDown()[pri:0, instance:com.inetbanking.testCases.TC_EditCustomer_004@2f7c2f4f]" name="tearDown" is-config="true" duration-ms="2127" started-at="2021-11-23T06:19:07Z" finished-at="2021-11-23T06:19:09Z">
          <reporter-output>
          </reporter-output>
        </test-method> <!-- tearDown -->
      </class> <!-- com.inetbanking.testCases.TC_EditCustomer_004 -->
    </test> <!-- BankingApp Test -->
  </suite> <!-- InetBankingV1 -->
</testng-results>
